<?xml version="1.0" encoding="UTF-8"?>
<robot generator="Robot 6.0.2 (Python 3.10.5 on win32)" generated="20230305 18:23:37.202" rpa="false" schemaversion="3">
<suite id="s1" name="Gbenga" source="C:\Users\hp\PycharmProjects\TestCase\Tests\INEC_FORM\gbenga.robot">
<test id="s1-t1" name="Input INEC form information" line="10">
<kw name="Open INEC website" library="CommonFunctionality">
<kw name="Open Browser" library="SeleniumLibrary">
<arg>${url}</arg>
<arg>${browser}</arg>
<doc>Opens a new browser instance to the optional ``url``.</doc>
<msg timestamp="20230305 18:23:38.335" level="INFO">Opening browser 'chrome' to base url 'https://cvr.inecnigeria.org/pu'.</msg>
<status status="PASS" starttime="20230305 18:23:38.332" endtime="20230305 18:23:45.793"/>
</kw>
<kw name="Maximize Browser Window" library="SeleniumLibrary">
<doc>Maximizes current browser window.</doc>
<status status="PASS" starttime="20230305 18:23:45.793" endtime="20230305 18:23:46.063"/>
</kw>
<status status="PASS" starttime="20230305 18:23:38.331" endtime="20230305 18:23:46.063"/>
</kw>
<kw name="Select State" library="INEC_UserDefinedKeywords">
<kw name="Select From List By Label" library="SeleniumLibrary">
<arg>xpath://*[@id="SearchStateId"]</arg>
<arg>30 - OYO</arg>
<doc>Selects options from selection list ``locator`` by ``labels``.</doc>
<msg timestamp="20230305 18:23:46.073" level="INFO">Selecting options from selection list 'xpath://*[@id="SearchStateId"]' by label 30 - OYO.</msg>
<status status="PASS" starttime="20230305 18:23:46.070" endtime="20230305 18:23:46.547"/>
</kw>
<status status="PASS" starttime="20230305 18:23:46.068" endtime="20230305 18:23:46.548"/>
</kw>
<kw name="Select LGA" library="INEC_UserDefinedKeywords">
<kw name="Get List Items" library="SeleniumLibrary">
<arg>xpath://*[@id="SearchLocalGovernmentId"]</arg>
<doc>Returns all labels or values of selection list ``locator``.</doc>
<status status="PASS" starttime="20230305 18:23:46.579" endtime="20230305 18:23:46.867"/>
</kw>
<kw name="Select From List By Label" library="SeleniumLibrary">
<arg>xpath://*[@id="SearchLocalGovernmentId"]</arg>
<arg>01 - AFIJIO</arg>
<doc>Selects options from selection list ``locator`` by ``labels``.</doc>
<msg timestamp="20230305 18:23:46.869" level="INFO">Selecting options from selection list 'xpath://*[@id="SearchLocalGovernmentId"]' by label 01 - AFIJIO.</msg>
<status status="PASS" starttime="20230305 18:23:46.867" endtime="20230305 18:23:47.404"/>
</kw>
<status status="PASS" starttime="20230305 18:23:46.578" endtime="20230305 18:23:47.405"/>
</kw>
<kw name="Select RegistrationArea" library="INEC_UserDefinedKeywords">
<kw name="Get List Items" library="SeleniumLibrary">
<arg>xpath://*[@id="SearchRegistrationAreaId"]</arg>
<doc>Returns all labels or values of selection list ``locator``.</doc>
<status status="PASS" starttime="20230305 18:23:47.420" endtime="20230305 18:23:48.778"/>
</kw>
<kw name="Select From List By Label" library="SeleniumLibrary">
<arg>xpath://*[@id="SearchRegistrationAreaId"]</arg>
<arg>01 - ILORA I</arg>
<doc>Selects options from selection list ``locator`` by ``labels``.</doc>
<msg timestamp="20230305 18:23:48.781" level="INFO">Selecting options from selection list 'xpath://*[@id="SearchRegistrationAreaId"]' by label 01 - ILORA I.</msg>
<status status="PASS" starttime="20230305 18:23:48.779" endtime="20230305 18:23:49.905"/>
</kw>
<status status="PASS" starttime="20230305 18:23:47.419" endtime="20230305 18:23:49.905"/>
</kw>
<kw name="Select PollingUnit" library="INEC_UserDefinedKeywords">
<kw name="Get List Items" library="SeleniumLibrary">
<arg>xpath://*[@id="SearchPollingUnitId"]</arg>
<doc>Returns all labels or values of selection list ``locator``.</doc>
<status status="PASS" starttime="20230305 18:23:49.933" endtime="20230305 18:23:56.481"/>
</kw>
<kw name="Select From List By Label" library="SeleniumLibrary">
<arg>xpath://*[@id="SearchPollingUnitId"]</arg>
<arg>006 - ODOFIN OPEN SPACE</arg>
<doc>Selects options from selection list ``locator`` by ``labels``.</doc>
<msg timestamp="20230305 18:23:56.484" level="INFO">Selecting options from selection list 'xpath://*[@id="SearchPollingUnitId"]' by label 006 - ODOFIN OPEN SPACE.</msg>
<status status="PASS" starttime="20230305 18:23:56.482" endtime="20230305 18:23:57.405"/>
</kw>
<kw name="Sleep" library="BuiltIn">
<arg>4s</arg>
<doc>Pauses the test executed for the given time.</doc>
<msg timestamp="20230305 18:24:01.406" level="INFO">Slept 4 seconds</msg>
<status status="PASS" starttime="20230305 18:23:57.406" endtime="20230305 18:24:01.406"/>
</kw>
<status status="PASS" starttime="20230305 18:23:49.931" endtime="20230305 18:24:01.407"/>
</kw>
<kw name="Click Submit" library="INEC_UserDefinedKeywords">
<kw name="Submit Form" library="SeleniumLibrary">
<arg>xpath://*[@id="SearchIndexForm"]</arg>
<doc>Submits a form identified by ``locator``.</doc>
<msg timestamp="20230305 18:24:01.415" level="INFO">Submitting form 'xpath://*[@id="SearchIndexForm"]'.</msg>
<status status="PASS" starttime="20230305 18:24:01.413" endtime="20230305 18:24:01.758"/>
</kw>
<status status="PASS" starttime="20230305 18:24:01.412" endtime="20230305 18:24:01.759"/>
</kw>
<kw name="Close INEC website" library="CommonFunctionality">
<kw name="Close Browser" library="SeleniumLibrary">
<doc>Closes the current browser.</doc>
<status status="PASS" starttime="20230305 18:24:01.763" endtime="20230305 18:24:04.493"/>
</kw>
<status status="PASS" starttime="20230305 18:24:01.762" endtime="20230305 18:24:04.494"/>
</kw>
<doc>THIS IS A SCRIPT TO FILL INEC FORM AND POLLING UNIT</doc>
<status status="PASS" starttime="20230305 18:23:38.328" endtime="20230305 18:24:04.497"/>
</test>
<status status="PASS" starttime="20230305 18:23:37.211" endtime="20230305 18:24:04.500"/>
</suite>
<statistics>
<total>
<stat pass="1" fail="0" skip="0">All Tests</stat>
</total>
<tag>
</tag>
<suite>
<stat pass="1" fail="0" skip="0" id="s1" name="Gbenga">Gbenga</stat>
</suite>
</statistics>
<errors>
</errors>
</robot>
