<?xml version="1.0" encoding="UTF-8"?>
<robot generator="Robot 6.0.2 (Python 3.10.5 on win32)" generated="20230305 18:17:56.777" rpa="false" schemaversion="3">
<suite id="s1" name="Gbenga" source="C:\Users\hp\PycharmProjects\TestCase\Tests\INEC_FORM\gbenga.robot">
<test id="s1-t1" name="Input INEC form information" line="10">
<kw name="Open INEC website" library="CommonFunctionality">
<kw name="Open Browser" library="SeleniumLibrary">
<arg>${url}</arg>
<arg>${browser}</arg>
<doc>Opens a new browser instance to the optional ``url``.</doc>
<msg timestamp="20230305 18:17:57.936" level="INFO">Opening browser 'chrome' to base url 'https://cvr.inecnigeria.org/pu'.</msg>
<status status="PASS" starttime="20230305 18:17:57.934" endtime="20230305 18:18:04.305"/>
</kw>
<kw name="Maximize Browser Window" library="SeleniumLibrary">
<doc>Maximizes current browser window.</doc>
<status status="PASS" starttime="20230305 18:18:04.306" endtime="20230305 18:18:04.578"/>
</kw>
<status status="PASS" starttime="20230305 18:17:57.933" endtime="20230305 18:18:04.579"/>
</kw>
<kw name="Select State" library="INEC_UserDefinedKeywords">
<kw name="Select From List By Label" library="SeleniumLibrary">
<arg>xpath://*[@id="SearchStateId"]</arg>
<arg>30 - OYO</arg>
<doc>Selects options from selection list ``locator`` by ``labels``.</doc>
<msg timestamp="20230305 18:18:04.599" level="INFO">Selecting options from selection list 'xpath://*[@id="SearchStateId"]' by label 30 - OYO.</msg>
<status status="PASS" starttime="20230305 18:18:04.595" endtime="20230305 18:18:05.078"/>
</kw>
<status status="PASS" starttime="20230305 18:18:04.594" endtime="20230305 18:18:05.079"/>
</kw>
<kw name="Select LGA" library="INEC_UserDefinedKeywords">
<kw name="Get List Items" library="SeleniumLibrary">
<arg>xpath://*[@id="SearchLocalGovernmentId"]</arg>
<doc>Returns all labels or values of selection list ``locator``.</doc>
<status status="PASS" starttime="20230305 18:18:05.095" endtime="20230305 18:18:07.841"/>
</kw>
<kw name="Select From List By Label" library="SeleniumLibrary">
<arg>xpath://*[@id="SearchLocalGovernmentId"]</arg>
<arg>01 - AFIJIO</arg>
<doc>Selects options from selection list ``locator`` by ``labels``.</doc>
<msg timestamp="20230305 18:18:07.844" level="INFO">Selecting options from selection list 'xpath://*[@id="SearchLocalGovernmentId"]' by label 01 - AFIJIO.</msg>
<status status="PASS" starttime="20230305 18:18:07.842" endtime="20230305 18:18:08.387"/>
</kw>
<status status="PASS" starttime="20230305 18:18:05.094" endtime="20230305 18:18:08.387"/>
</kw>
<kw name="Select RegistrationArea" library="INEC_UserDefinedKeywords">
<kw name="Get List Items" library="SeleniumLibrary">
<arg>xpath://*[@id="SearchRegistrationAreaId"]</arg>
<doc>Returns all labels or values of selection list ``locator``.</doc>
<status status="PASS" starttime="20230305 18:18:08.401" endtime="20230305 18:18:10.010"/>
</kw>
<kw name="Select From List By Label" library="SeleniumLibrary">
<arg>xpath://*[@id="SearchRegistrationAreaId"]</arg>
<arg>01 - ILORA I</arg>
<doc>Selects options from selection list ``locator`` by ``labels``.</doc>
<msg timestamp="20230305 18:18:10.013" level="INFO">Selecting options from selection list 'xpath://*[@id="SearchRegistrationAreaId"]' by label 01 - ILORA I.</msg>
<status status="PASS" starttime="20230305 18:18:10.011" endtime="20230305 18:18:11.512"/>
</kw>
<status status="PASS" starttime="20230305 18:18:08.399" endtime="20230305 18:18:11.513"/>
</kw>
<kw name="Select PollingUnit" library="INEC_UserDefinedKeywords">
<kw name="Get List Items" library="SeleniumLibrary">
<arg>xpath://*[@id="SearchPollingUnitId"]</arg>
<doc>Returns all labels or values of selection list ``locator``.</doc>
<status status="PASS" starttime="20230305 18:18:11.630" endtime="20230305 18:18:15.183"/>
</kw>
<kw name="Select From List By Label" library="SeleniumLibrary">
<arg>xpath://*[@id="SearchPollingUnitId"]</arg>
<arg>006 - ODOFIN OPEN SPACE</arg>
<doc>Selects options from selection list ``locator`` by ``labels``.</doc>
<msg timestamp="20230305 18:18:15.186" level="INFO">Selecting options from selection list 'xpath://*[@id="SearchPollingUnitId"]' by label 006 - ODOFIN OPEN SPACE.</msg>
<status status="PASS" starttime="20230305 18:18:15.184" endtime="20230305 18:18:15.892"/>
</kw>
<kw name="Sleep 4s">
<msg timestamp="20230305 18:18:15.909" level="FAIL">No keyword with name 'Sleep 4s' found. Did you mean:
    BuiltIn.Sleep</msg>
<status status="FAIL" starttime="20230305 18:18:15.908" endtime="20230305 18:18:15.909"/>
</kw>
<status status="FAIL" starttime="20230305 18:18:11.628" endtime="20230305 18:18:15.911"/>
</kw>
<kw name="Click Submit" library="INEC_UserDefinedKeywords">
<status status="NOT RUN" starttime="20230305 18:18:15.934" endtime="20230305 18:18:15.934"/>
</kw>
<kw name="Close INEC website" library="CommonFunctionality">
<status status="NOT RUN" starttime="20230305 18:18:15.935" endtime="20230305 18:18:15.935"/>
</kw>
<doc>THIS IS A SCRIPT TO FILL INEC FORM AND POLLING UNIT</doc>
<status status="FAIL" starttime="20230305 18:17:57.930" endtime="20230305 18:18:15.936">No keyword with name 'Sleep 4s' found. Did you mean:
    BuiltIn.Sleep</status>
</test>
<status status="FAIL" starttime="20230305 18:17:56.787" endtime="20230305 18:18:15.940"/>
</suite>
<statistics>
<total>
<stat pass="0" fail="1" skip="0">All Tests</stat>
</total>
<tag>
</tag>
<suite>
<stat pass="0" fail="1" skip="0" id="s1" name="Gbenga">Gbenga</stat>
</suite>
</statistics>
<errors>
</errors>
</robot>
